<?xml version="1.0" encoding="UTF-8"?>
<!-- Generated by org.testng.reporters.JUnitXMLReporter -->
<testsuite hostname="PSHTS" ignored="0" name="Test" tests="10" failures="0" timestamp="2022-08-21T22:34:29 AEST" time="75.078" errors="0">
  <testcase name="Test_Calender_Launch" time="6.914" classname="com.woolies.TestCase.WorkshopMeetTest"/>
  <testcase name="Test_WorkShop_Title" time="4.08" classname="com.woolies.TestCase.WorkshopMeetTest"/>
  <testcase name="Test_Set_FridayMeet" time="7.625" classname="com.woolies.TestCase.WorkshopMeetTest"/>
  <testcase name="Test_Invite_People" time="2.249" classname="com.woolies.TestCase.WorkshopMeetTest"/>
  <testcase name="Test_Repeat_Meeting_Occurrence" time="8.627" classname="com.woolies.TestCase.WorkshopMeetTest"/>
  <testcase name="Test_Calender_Launch" time="7.018" classname="com.woolies.TestCase.StandUpMeetTest"/>
  <testcase name="Test_WorkShop_Title" time="3.889" classname="com.woolies.TestCase.StandUpMeetTest"/>
  <testcase name="Test_Set_FridayMeet" time="8.098" classname="com.woolies.TestCase.StandUpMeetTest"/>
  <testcase name="Test_Invite_People" time="1.697" classname="com.woolies.TestCase.StandUpMeetTest"/>
  <testcase name="Test_Repeat_Meeting_Occurrence" time="8.49" classname="com.woolies.TestCase.StandUpMeetTest"/>
</testsuite> <!-- Test -->
