<?xml version="1.0" encoding="UTF-8"?>
<!-- Generated by org.testng.reporters.JUnitXMLReporter -->
<testsuite hostname="PSHTS" ignored="0" name="Test" tests="10" failures="0" timestamp="2022-08-22T10:03:28 AEST" time="81.856" errors="0">
  <testcase name="Test_Calender_Launch" time="7.486" classname="com.woolies.TestCase.WorkshopMeetTest"/>
  <testcase name="Test_WorkShop_Title" time="4.339" classname="com.woolies.TestCase.WorkshopMeetTest"/>
  <testcase name="Test_Set_Workshop_Meet" time="7.054" classname="com.woolies.TestCase.WorkshopMeetTest"/>
  <testcase name="Test_Invite_People_Workshop" time="1.701" classname="com.woolies.TestCase.WorkshopMeetTest"/>
  <testcase name="Test_Repeat_Meeting_Occurrence_Workshop" time="8.305" classname="com.woolies.TestCase.WorkshopMeetTest"/>
  <testcase name="Test_Calender_Launch" time="7.369" classname="com.woolies.TestCase.StandUpMeetTest"/>
  <testcase name="Test_StandUp_Title" time="3.994" classname="com.woolies.TestCase.StandUpMeetTest"/>
  <testcase name="Test_Set_StandUp_Meet" time="7.838" classname="com.woolies.TestCase.StandUpMeetTest"/>
  <testcase name="Test_Invite_People_StandUp" time="1.704" classname="com.woolies.TestCase.StandUpMeetTest"/>
  <testcase name="Test_Repeat_Meeting_Occurrence_StandUp" time="8.231" classname="com.woolies.TestCase.StandUpMeetTest"/>
</testsuite> <!-- Test -->
