<?xml version="1.0" encoding="UTF-8"?>
<testng-results skipped="0" failed="0" ignored="0" total="10" passed="10">
  <reporter-output>
  </reporter-output>
  <suite name="Suite" duration-ms="81856" started-at="2022-08-22T10:02:06 AEST" finished-at="2022-08-22T10:03:28 AEST">
    <groups>
    </groups>
    <test name="Test" duration-ms="81856" started-at="2022-08-22T10:02:06 AEST" finished-at="2022-08-22T10:03:28 AEST">
      <class name="com.woolies.TestCase.StandUpMeetTest">
        <test-method status="PASS" signature="setup()[pri:0, instance:com.woolies.TestCase.StandUpMeetTest@e50a6f6]" name="setup" is-config="true" duration-ms="7419" started-at="2022-08-22T10:02:51 AEST" finished-at="2022-08-22T10:02:58 AEST">
          <reporter-output>
          </reporter-output>
        </test-method> <!-- setup -->
        <test-method status="PASS" signature="Test_Calender_Launch()[pri:1, instance:com.woolies.TestCase.StandUpMeetTest@e50a6f6]" name="Test_Calender_Launch" duration-ms="7369" started-at="2022-08-22T10:02:58 AEST" finished-at="2022-08-22T10:03:06 AEST">
          <reporter-output>
          </reporter-output>
        </test-method> <!-- Test_Calender_Launch -->
        <test-method status="PASS" signature="Test_StandUp_Title()[pri:2, instance:com.woolies.TestCase.StandUpMeetTest@e50a6f6]" name="Test_StandUp_Title" duration-ms="3994" started-at="2022-08-22T10:03:06 AEST" finished-at="2022-08-22T10:03:10 AEST">
          <reporter-output>
          </reporter-output>
        </test-method> <!-- Test_StandUp_Title -->
        <test-method status="PASS" signature="Test_Set_StandUp_Meet()[pri:3, instance:com.woolies.TestCase.StandUpMeetTest@e50a6f6]" name="Test_Set_StandUp_Meet" duration-ms="7838" started-at="2022-08-22T10:03:10 AEST" finished-at="2022-08-22T10:03:17 AEST">
          <reporter-output>
          </reporter-output>
        </test-method> <!-- Test_Set_StandUp_Meet -->
        <test-method status="PASS" signature="Test_Invite_People_StandUp(java.lang.String)[pri:4, instance:com.woolies.TestCase.StandUpMeetTest@e50a6f6]" name="Test_Invite_People_StandUp" duration-ms="1704" started-at="2022-08-22T10:03:17 AEST" data-provider="test-data" finished-at="2022-08-22T10:03:19 AEST">
          <params>
            <param index="0">
              <value>
                <![CDATA[Satabdi]]>
              </value>
            </param>
          </params>
          <reporter-output>
          </reporter-output>
        </test-method> <!-- Test_Invite_People_StandUp -->
        <test-method status="PASS" signature="Test_Repeat_Meeting_Occurrence_StandUp()[pri:5, instance:com.woolies.TestCase.StandUpMeetTest@e50a6f6]" name="Test_Repeat_Meeting_Occurrence_StandUp" duration-ms="8231" started-at="2022-08-22T10:03:19 AEST" finished-at="2022-08-22T10:03:27 AEST">
          <reporter-output>
          </reporter-output>
        </test-method> <!-- Test_Repeat_Meeting_Occurrence_StandUp -->
        <test-method status="PASS" signature="teardown()[pri:0, instance:com.woolies.TestCase.StandUpMeetTest@e50a6f6]" name="teardown" is-config="true" duration-ms="424" started-at="2022-08-22T10:03:27 AEST" finished-at="2022-08-22T10:03:28 AEST">
          <reporter-output>
          </reporter-output>
        </test-method> <!-- teardown -->
      </class> <!-- com.woolies.TestCase.StandUpMeetTest -->
      <class name="com.woolies.TestCase.WorkshopMeetTest">
        <test-method status="PASS" signature="setup()[pri:0, instance:com.woolies.TestCase.WorkshopMeetTest@16aa0a0a]" name="setup" is-config="true" duration-ms="15339" started-at="2022-08-22T10:02:06 AEST" finished-at="2022-08-22T10:02:21 AEST">
          <reporter-output>
          </reporter-output>
        </test-method> <!-- setup -->
        <test-method status="PASS" signature="Test_Calender_Launch()[pri:1, instance:com.woolies.TestCase.WorkshopMeetTest@16aa0a0a]" name="Test_Calender_Launch" duration-ms="7486" started-at="2022-08-22T10:02:21 AEST" finished-at="2022-08-22T10:02:29 AEST">
          <reporter-output>
          </reporter-output>
        </test-method> <!-- Test_Calender_Launch -->
        <test-method status="PASS" signature="Test_WorkShop_Title()[pri:2, instance:com.woolies.TestCase.WorkshopMeetTest@16aa0a0a]" name="Test_WorkShop_Title" duration-ms="4339" started-at="2022-08-22T10:02:29 AEST" finished-at="2022-08-22T10:02:33 AEST">
          <reporter-output>
          </reporter-output>
        </test-method> <!-- Test_WorkShop_Title -->
        <test-method status="PASS" signature="Test_Set_Workshop_Meet()[pri:3, instance:com.woolies.TestCase.WorkshopMeetTest@16aa0a0a]" name="Test_Set_Workshop_Meet" duration-ms="7054" started-at="2022-08-22T10:02:33 AEST" finished-at="2022-08-22T10:02:40 AEST">
          <reporter-output>
          </reporter-output>
        </test-method> <!-- Test_Set_Workshop_Meet -->
        <test-method status="PASS" signature="Test_Invite_People_Workshop(java.lang.String)[pri:4, instance:com.woolies.TestCase.WorkshopMeetTest@16aa0a0a]" name="Test_Invite_People_Workshop" duration-ms="1701" started-at="2022-08-22T10:02:40 AEST" data-provider="test-data" finished-at="2022-08-22T10:02:42 AEST">
          <params>
            <param index="0">
              <value>
                <![CDATA[Satabdi]]>
              </value>
            </param>
          </params>
          <reporter-output>
          </reporter-output>
        </test-method> <!-- Test_Invite_People_Workshop -->
        <test-method status="PASS" signature="Test_Repeat_Meeting_Occurrence_Workshop()[pri:5, instance:com.woolies.TestCase.WorkshopMeetTest@16aa0a0a]" name="Test_Repeat_Meeting_Occurrence_Workshop" duration-ms="8305" started-at="2022-08-22T10:02:42 AEST" finished-at="2022-08-22T10:02:50 AEST">
          <reporter-output>
          </reporter-output>
        </test-method> <!-- Test_Repeat_Meeting_Occurrence_Workshop -->
        <test-method status="PASS" signature="teardown()[pri:0, instance:com.woolies.TestCase.WorkshopMeetTest@16aa0a0a]" name="teardown" is-config="true" duration-ms="591" started-at="2022-08-22T10:02:50 AEST" finished-at="2022-08-22T10:02:51 AEST">
          <reporter-output>
          </reporter-output>
        </test-method> <!-- teardown -->
      </class> <!-- com.woolies.TestCase.WorkshopMeetTest -->
    </test> <!-- Test -->
  </suite> <!-- Suite -->
</testng-results>
